2026-01-19 18:43:08 | INFO | __main__ | Starting data modeling step...
2026-01-19 18:43:08 | INFO | __main__ | 
======================================================================
2026-01-19 18:43:08 | INFO | __main__ | DATA PREPARATION PIPELINE FOR MODELING
2026-01-19 18:43:08 | INFO | __main__ | ======================================================================
2026-01-19 18:43:08 | INFO | __main__ | Start time: 2026-01-19 18:43:08
2026-01-19 18:43:08 | INFO | __main__ | ======================================================================
2026-01-19 18:43:08 | INFO | __main__ | LOADING DATA
2026-01-19 18:43:08 | INFO | __main__ | ======================================================================
2026-01-19 18:43:08 | INFO | __main__ | ✓ Data loaded successfully
2026-01-19 18:43:08 | INFO | __main__ |   - Shape: (57395, 24)
2026-01-19 18:43:08 | INFO | __main__ |   - Columns: 24
2026-01-19 18:43:08 | INFO | __main__ |   - Rows: 57,395
2026-01-19 18:43:08 | INFO | __main__ | 
======================================================================
2026-01-19 18:43:08 | INFO | __main__ | CLASS IMBALANCE ANALYSIS
2026-01-19 18:43:08 | INFO | __main__ | ======================================================================
2026-01-19 18:43:08 | INFO | __main__ | 
Class distribution:
2026-01-19 18:43:08 | INFO | __main__ |   1.0: 4,827 (8.41%) - Positive (Diabetes)
2026-01-19 18:43:08 | INFO | __main__ |   2.0: 49,553 (86.34%) - Negative (No Diabetes)
2026-01-19 18:43:08 | INFO | __main__ |   3.0: 1,025 (1.79%) - Negative (No Diabetes)
2026-01-19 18:43:08 | INFO | __main__ |   7.0: 2 (0.00%) - Negative (No Diabetes)
2026-01-19 18:43:08 | INFO | __main__ |   9.0: 26 (0.05%) - Negative (No Diabetes)
2026-01-19 18:43:08 | WARNING | __main__ | ✗ One class has no samples!
2026-01-19 18:43:08 | INFO | __main__ | 
======================================================================
2026-01-19 18:43:08 | INFO | __main__ | STRATIFIED TRAIN/TEST SPLIT
2026-01-19 18:43:08 | INFO | __main__ | ======================================================================
2026-01-19 18:43:08 | INFO | __main__ | 
Splitting with stratification:
2026-01-19 18:43:08 | INFO | __main__ |   - Test size: 20%
2026-01-19 18:43:08 | INFO | __main__ |   - Random state: 42
2026-01-19 18:43:15 | INFO | __main__ | Starting data modeling step...
2026-01-19 18:43:15 | INFO | __main__ | 
======================================================================
2026-01-19 18:43:15 | INFO | __main__ | DATA PREPARATION PIPELINE FOR MODELING
2026-01-19 18:43:15 | INFO | __main__ | ======================================================================
2026-01-19 18:43:15 | INFO | __main__ | Start time: 2026-01-19 18:43:15
2026-01-19 18:43:15 | INFO | __main__ | ======================================================================
2026-01-19 18:43:15 | INFO | __main__ | LOADING DATA
2026-01-19 18:43:15 | INFO | __main__ | ======================================================================
2026-01-19 18:43:15 | INFO | __main__ | ✓ Data loaded successfully
2026-01-19 18:43:15 | INFO | __main__ |   - Shape: (57395, 24)
2026-01-19 18:43:15 | INFO | __main__ |   - Columns: 24
2026-01-19 18:43:15 | INFO | __main__ |   - Rows: 57,395
2026-01-19 18:43:15 | INFO | __main__ | 
======================================================================
2026-01-19 18:43:15 | INFO | __main__ | CLASS IMBALANCE ANALYSIS
2026-01-19 18:43:15 | INFO | __main__ | ======================================================================
2026-01-19 18:43:15 | INFO | __main__ | 
Class distribution:
2026-01-19 18:43:15 | INFO | __main__ |   1.0: 4,827 (8.41%) - Positive (Diabetes)
2026-01-19 18:43:15 | INFO | __main__ |   2.0: 49,553 (86.34%) - Negative (No Diabetes)
2026-01-19 18:43:15 | INFO | __main__ |   3.0: 1,025 (1.79%) - Negative (No Diabetes)
2026-01-19 18:43:15 | INFO | __main__ |   7.0: 2 (0.00%) - Negative (No Diabetes)
2026-01-19 18:43:15 | INFO | __main__ |   9.0: 26 (0.05%) - Negative (No Diabetes)
2026-01-19 18:43:15 | WARNING | __main__ | ✗ One class has no samples!
2026-01-19 18:43:15 | INFO | __main__ | 
======================================================================
2026-01-19 18:43:15 | INFO | __main__ | STRATIFIED TRAIN/TEST SPLIT
2026-01-19 18:43:15 | INFO | __main__ | ======================================================================
2026-01-19 18:43:15 | INFO | __main__ | 
Splitting with stratification:
2026-01-19 18:43:15 | INFO | __main__ |   - Test size: 20%
2026-01-19 18:43:15 | INFO | __main__ |   - Random state: 42
